<?xml version="1.0" encoding="UTF-8"?>
<!-- Generated by org.testng.reporters.JUnitReportReporter -->
<testsuite hostname="LAPTOP_DELL" failures="0" tests="1" name="rahulShettyAcademy.ExtentReports.ExtentReportDemo" time="9.653" errors="0" timestamp="2024-01-21T22:41:44 EST" skipped="0">
  <testcase classname="rahulShettyAcademy.ExtentReports.ExtentReportDemo" name="initialDemo" time="9.653"/>
</testsuite> <!-- rahulShettyAcademy.ExtentReports.ExtentReportDemo -->
